mode: set
github.com/gabriwl165/commerce-system/infra/env/main.go:14.52,16.9 2 0
github.com/gabriwl165/commerce-system/infra/env/main.go:16.9,18.3 1 0
github.com/gabriwl165/commerce-system/infra/env/main.go:19.2,19.19 1 0
github.com/gabriwl165/commerce-system/infra/env/main.go:22.54,24.2 1 0
github.com/gabriwl165/commerce-system/infra/env/main.go:26.25,30.35 2 0
github.com/gabriwl165/commerce-system/infra/env/main.go:30.35,33.3 2 0
github.com/gabriwl165/commerce-system/infra/env/main.go:34.2,35.19 2 0
github.com/gabriwl165/commerce-system/cmd/kafka/main.go:19.13,28.2 6 0
github.com/gabriwl165/commerce-system/cmd/kafka/main.go:30.85,33.6 3 0
github.com/gabriwl165/commerce-system/cmd/kafka/main.go:33.6,38.10 3 0
github.com/gabriwl165/commerce-system/cmd/kafka/main.go:39.21,41.10 2 0
github.com/gabriwl165/commerce-system/cmd/kafka/main.go:43.11,55.32 9 0
github.com/gabriwl165/commerce-system/internal/infra/broker/kafka/consumer.go:15.84,21.2 1 0
github.com/gabriwl165/commerce-system/internal/infra/broker/kafka/consumer.go:23.85,25.16 2 0
github.com/gabriwl165/commerce-system/internal/infra/broker/kafka/consumer.go:25.16,27.3 1 0
github.com/gabriwl165/commerce-system/internal/infra/broker/kafka/consumer.go:28.2,28.48 1 0
github.com/gabriwl165/commerce-system/internal/infra/broker/kafka/consumer.go:35.58,36.28 1 0
github.com/gabriwl165/commerce-system/internal/infra/broker/kafka/consumer.go:36.28,38.3 1 0
github.com/gabriwl165/commerce-system/internal/infra/broker/kafka/consumer.go:39.2,39.37 1 0
github.com/gabriwl165/commerce-system/internal/infra/broker/kafka/consumer.go:42.57,43.28 1 0
github.com/gabriwl165/commerce-system/internal/infra/broker/kafka/consumer.go:43.28,45.3 1 0
github.com/gabriwl165/commerce-system/internal/infra/broker/kafka/consumer.go:46.2,46.29 1 0
github.com/gabriwl165/commerce-system/internal/infra/broker/kafka/producer.go:17.65,25.2 1 0
github.com/gabriwl165/commerce-system/internal/infra/broker/kafka/producer.go:27.78,29.16 2 0
github.com/gabriwl165/commerce-system/internal/infra/broker/kafka/producer.go:29.16,31.3 1 0
github.com/gabriwl165/commerce-system/internal/infra/broker/kafka/producer.go:33.2,34.9 2 0
github.com/gabriwl165/commerce-system/internal/infra/broker/kafka/producer.go:34.9,36.3 1 0
github.com/gabriwl165/commerce-system/internal/infra/broker/kafka/producer.go:38.2,44.12 3 0
github.com/gabriwl165/commerce-system/internal/infra/broker/kafka/producer.go:47.39,49.2 1 0
github.com/gabriwl165/commerce-system/internal/infra/broker/kafka/producer.go:51.66,54.2 2 0
github.com/gabriwl165/commerce-system/internal/domain/services/process_consumption/process_consumption.go:17.34,21.2 1 1
github.com/gabriwl165/commerce-system/internal/domain/services/process_consumption/process_consumption.go:23.83,28.2 4 1
github.com/gabriwl165/commerce-system/internal/domain/services/process_consumption/process_consumption.go:30.57,34.33 4 1
github.com/gabriwl165/commerce-system/internal/domain/services/process_consumption/process_consumption.go:34.33,44.3 3 1
github.com/gabriwl165/commerce-system/internal/domain/services/process_consumption/process_consumption.go:45.2,45.15 1 1
github.com/gabriwl165/commerce-system/internal/domain/services/process_consumption/process_consumption.go:48.101,50.43 2 1
github.com/gabriwl165/commerce-system/internal/domain/services/process_consumption/process_consumption.go:50.43,57.3 5 1
github.com/gabriwl165/commerce-system/internal/domain/services/process_consumption/process_consumption.go:58.2,59.31 2 1
github.com/gabriwl165/commerce-system/internal/domain/services/process_consumption/process_consumption.go:59.31,62.3 2 1
